This is pdfTeX, Version 3.141592653-2.6-1.40.26 (MiKTeX 24.4) (preloaded format=pdflatex 2024.6.25)  2 JUL 2024 23:29
entering extended mode
 restricted \write18 enabled.
 file:line:error style messages enabled.
 %&-line parsing enabled.
**d:/STUDYDOC/HK8/PTDLKD/3/Latex/Report.tex
(d:/STUDYDOC/HK8/PTDLKD/3/Latex/Report.tex
LaTeX2e <2024-06-01> patch level 1
L3 programming layer <2024-05-27>
(C:\Users\dovan\AppData\Local\Programs\MiKTeX\tex/latex/ieeetran\IEEEtran.cls
Document Class: IEEEtran 2015/08/26 V1.8b by Michael Shell
-- See the "IEEEtran_HOWTO" manual for usage information.
-- http://www.michaelshell.org/tex/ieeetran/
\@IEEEtrantmpdimenA=\dimen141
\@IEEEtrantmpdimenB=\dimen142
\@IEEEtrantmpdimenC=\dimen143
\@IEEEtrantmpcountA=\count194
\@IEEEtrantmpcountB=\count195
\@IEEEtrantmpcountC=\count196
\@IEEEtrantmptoksA=\toks17
LaTeX Font Info:    Trying to load font information for OT1+ptm on input line 503.
(C:\Users\dovan\AppData\Local\Programs\MiKTeX\tex/latex/psnfss\ot1ptm.fd
File: ot1ptm.fd 2001/06/04 font definitions for OT1/ptm.
)
-- Using 8.5in x 11in (letter) paper.
-- Using PDF output.
\@IEEEnormalsizeunitybaselineskip=\dimen144
-- This is a 10 point document.
\CLASSINFOnormalsizebaselineskip=\dimen145
\CLASSINFOnormalsizeunitybaselineskip=\dimen146
\IEEEnormaljot=\dimen147
LaTeX Font Info:    Font shape `OT1/ptm/bx/n' in size <5> not available
(Font)              Font shape `OT1/ptm/b/n' tried instead on input line 1090.
LaTeX Font Info:    Font shape `OT1/ptm/bx/it' in size <5> not available
(Font)              Font shape `OT1/ptm/b/it' tried instead on input line 1090.
LaTeX Font Info:    Font shape `OT1/ptm/bx/n' in size <7> not available
(Font)              Font shape `OT1/ptm/b/n' tried instead on input line 1090.
LaTeX Font Info:    Font shape `OT1/ptm/bx/it' in size <7> not available
(Font)              Font shape `OT1/ptm/b/it' tried instead on input line 1090.
LaTeX Font Info:    Font shape `OT1/ptm/bx/n' in size <8> not available
(Font)              Font shape `OT1/ptm/b/n' tried instead on input line 1090.
LaTeX Font Info:    Font shape `OT1/ptm/bx/it' in size <8> not available
(Font)              Font shape `OT1/ptm/b/it' tried instead on input line 1090.
LaTeX Font Info:    Font shape `OT1/ptm/bx/n' in size <9> not available
(Font)              Font shape `OT1/ptm/b/n' tried instead on input line 1090.
LaTeX Font Info:    Font shape `OT1/ptm/bx/it' in size <9> not available
(Font)              Font shape `OT1/ptm/b/it' tried instead on input line 1090.
LaTeX Font Info:    Font shape `OT1/ptm/bx/n' in size <10> not available
(Font)              Font shape `OT1/ptm/b/n' tried instead on input line 1090.
LaTeX Font Info:    Font shape `OT1/ptm/bx/it' in size <10> not available
(Font)              Font shape `OT1/ptm/b/it' tried instead on input line 1090.
LaTeX Font Info:    Font shape `OT1/ptm/bx/n' in size <11> not available
(Font)              Font shape `OT1/ptm/b/n' tried instead on input line 1090.
LaTeX Font Info:    Font shape `OT1/ptm/bx/it' in size <11> not available
(Font)              Font shape `OT1/ptm/b/it' tried instead on input line 1090.
LaTeX Font Info:    Font shape `OT1/ptm/bx/n' in size <12> not available
(Font)              Font shape `OT1/ptm/b/n' tried instead on input line 1090.
LaTeX Font Info:    Font shape `OT1/ptm/bx/it' in size <12> not available
(Font)              Font shape `OT1/ptm/b/it' tried instead on input line 1090.
LaTeX Font Info:    Font shape `OT1/ptm/bx/n' in size <17> not available
(Font)              Font shape `OT1/ptm/b/n' tried instead on input line 1090.
LaTeX Font Info:    Font shape `OT1/ptm/bx/it' in size <17> not available
(Font)              Font shape `OT1/ptm/b/it' tried instead on input line 1090.
LaTeX Font Info:    Font shape `OT1/ptm/bx/n' in size <20> not available
(Font)              Font shape `OT1/ptm/b/n' tried instead on input line 1090.
LaTeX Font Info:    Font shape `OT1/ptm/bx/it' in size <20> not available
(Font)              Font shape `OT1/ptm/b/it' tried instead on input line 1090.
LaTeX Font Info:    Font shape `OT1/ptm/bx/n' in size <24> not available
(Font)              Font shape `OT1/ptm/b/n' tried instead on input line 1090.
LaTeX Font Info:    Font shape `OT1/ptm/bx/it' in size <24> not available
(Font)              Font shape `OT1/ptm/b/it' tried instead on input line 1090.
\IEEEquantizedlength=\dimen148
\IEEEquantizedlengthdiff=\dimen149
\IEEEquantizedtextheightdiff=\dimen150
\IEEEilabelindentA=\dimen151
\IEEEilabelindentB=\dimen152
\IEEEilabelindent=\dimen153
\IEEEelabelindent=\dimen154
\IEEEdlabelindent=\dimen155
\IEEElabelindent=\dimen156
\IEEEiednormlabelsep=\dimen157
\IEEEiedmathlabelsep=\dimen158
\IEEEiedtopsep=\skip49
\c@section=\count197
\c@subsection=\count198
\c@subsubsection=\count199
\c@paragraph=\count266
\c@IEEEsubequation=\count267
\abovecaptionskip=\skip50
\belowcaptionskip=\skip51
\c@figure=\count268
\c@table=\count269
\@IEEEeqnnumcols=\count270
\@IEEEeqncolcnt=\count271
\@IEEEsubeqnnumrollback=\count272
\@IEEEquantizeheightA=\dimen159
\@IEEEquantizeheightB=\dimen160
\@IEEEquantizeheightC=\dimen161
\@IEEEquantizeprevdepth=\dimen162
\@IEEEquantizemultiple=\count273
\@IEEEquantizeboxA=\box52
\@IEEEtmpitemindent=\dimen163
\IEEEPARstartletwidth=\dimen164
\c@IEEEbiography=\count274
\@IEEEtranrubishbin=\box53
)
** ATTENTION: Overriding command lockouts (line 2).
(C:\Users\dovan\AppData\Local\Programs\MiKTeX\tex/latex/cite\cite.sty
LaTeX Info: Redefining \cite on input line 302.
LaTeX Info: Redefining \nocite on input line 332.
Package: cite 2015/02/27  v 5.5
) (C:\Users\dovan\AppData\Local\Programs\MiKTeX\tex/latex/amsmath\amsmath.sty
Package: amsmath 2024/05/23 v2.17q AMS math features
\@mathmargin=\skip52

For additional information on amsmath, use the `?' option.
(C:\Users\dovan\AppData\Local\Programs\MiKTeX\tex/latex/amsmath\amstext.sty
Package: amstext 2021/08/26 v2.01 AMS text
 (C:\Users\dovan\AppData\Local\Programs\MiKTeX\tex/latex/amsmath\amsgen.sty
File: amsgen.sty 1999/11/30 v2.0 generic functions
\@emptytoks=\toks18
\ex@=\dimen165
)) (C:\Users\dovan\AppData\Local\Programs\MiKTeX\tex/latex/amsmath\amsbsy.sty
Package: amsbsy 1999/11/29 v1.2d Bold Symbols
\pmbraise@=\dimen166
) (C:\Users\dovan\AppData\Local\Programs\MiKTeX\tex/latex/amsmath\amsopn.sty
Package: amsopn 2022/04/08 v2.04 operator names
)
\inf@bad=\count275
LaTeX Info: Redefining \frac on input line 233.
\uproot@=\count276
\leftroot@=\count277
LaTeX Info: Redefining \overline on input line 398.
LaTeX Info: Redefining \colon on input line 409.
\classnum@=\count278
\DOTSCASE@=\count279
LaTeX Info: Redefining \ldots on input line 495.
LaTeX Info: Redefining \dots on input line 498.
LaTeX Info: Redefining \cdots on input line 619.
\Mathstrutbox@=\box54
\strutbox@=\box55
LaTeX Info: Redefining \big on input line 721.
LaTeX Info: Redefining \Big on input line 722.
LaTeX Info: Redefining \bigg on input line 723.
LaTeX Info: Redefining \Bigg on input line 724.
\big@size=\dimen167
LaTeX Font Info:    Redeclaring font encoding OML on input line 742.
LaTeX Font Info:    Redeclaring font encoding OMS on input line 743.
\macc@depth=\count280
LaTeX Info: Redefining \bmod on input line 904.
LaTeX Info: Redefining \pmod on input line 909.
LaTeX Info: Redefining \smash on input line 939.
LaTeX Info: Redefining \relbar on input line 969.
LaTeX Info: Redefining \Relbar on input line 970.
\c@MaxMatrixCols=\count281
\dotsspace@=\muskip17
\c@parentequation=\count282
\dspbrk@lvl=\count283
\tag@help=\toks19
\row@=\count284
\column@=\count285
\maxfields@=\count286
\andhelp@=\toks20
\eqnshift@=\dimen168
\alignsep@=\dimen169
\tagshift@=\dimen170
\tagwidth@=\dimen171
\totwidth@=\dimen172
\lineht@=\dimen173
\@envbody=\toks21
\multlinegap=\skip53
\multlinetaggap=\skip54
\mathdisplay@stack=\toks22
LaTeX Info: Redefining \[ on input line 2953.
LaTeX Info: Redefining \] on input line 2954.
) (C:\Users\dovan\AppData\Local\Programs\MiKTeX\tex/latex/amsfonts\amssymb.sty
Package: amssymb 2013/01/14 v3.01 AMS font symbols
 (C:\Users\dovan\AppData\Local\Programs\MiKTeX\tex/latex/amsfonts\amsfonts.sty
Package: amsfonts 2013/01/14 v3.01 Basic AMSFonts support
\symAMSa=\mathgroup4
\symAMSb=\mathgroup5
LaTeX Font Info:    Redeclaring math symbol \hbar on input line 98.
LaTeX Font Info:    Overwriting math alphabet `\mathfrak' in version `bold'
(Font)                  U/euf/m/n --> U/euf/b/n on input line 106.
)) (C:\Users\dovan\AppData\Local\Programs\MiKTeX\tex/latex/algorithms\algorithmic.sty
Package: algorithmic 2009/08/24 v0.1 Document Style `algorithmic'
 (C:\Users\dovan\AppData\Local\Programs\MiKTeX\tex/latex/base\ifthen.sty
Package: ifthen 2024/03/16 v1.1e Standard LaTeX ifthen package (DPC)
) (C:\Users\dovan\AppData\Local\Programs\MiKTeX\tex/latex/graphics\keyval.sty
Package: keyval 2022/05/29 v1.15 key=value parser (DPC)
\KV@toks@=\toks23
)
\c@ALC@unique=\count287
\c@ALC@line=\count288
\c@ALC@rem=\count289
\c@ALC@depth=\count290
\ALC@tlm=\skip55
\algorithmicindent=\skip56
) (C:\Users\dovan\AppData\Local\Programs\MiKTeX\tex/latex/graphics\graphicx.sty
Package: graphicx 2021/09/16 v1.2d Enhanced LaTeX Graphics (DPC,SPQR)
 (C:\Users\dovan\AppData\Local\Programs\MiKTeX\tex/latex/graphics\graphics.sty
Package: graphics 2024/05/23 v1.4g Standard LaTeX Graphics (DPC,SPQR)
 (C:\Users\dovan\AppData\Local\Programs\MiKTeX\tex/latex/graphics\trig.sty
Package: trig 2023/12/02 v1.11 sin cos tan (DPC)
) (C:\Users\dovan\AppData\Local\Programs\MiKTeX\tex/latex/graphics-cfg\graphics.cfg
File: graphics.cfg 2016/06/04 v1.11 sample graphics configuration
)
Package graphics Info: Driver file: pdftex.def on input line 106.
 (C:\Users\dovan\AppData\Local\Programs\MiKTeX\tex/latex/graphics-def\pdftex.def
File: pdftex.def 2024/04/13 v1.2c Graphics/color driver for pdftex
))
\Gin@req@height=\dimen174
\Gin@req@width=\dimen175
) (C:\Users\dovan\AppData\Local\Programs\MiKTeX\tex/latex/tools\array.sty
Package: array 2024/05/23 v2.6c Tabular extension package (FMi)
\col@sep=\dimen176
\ar@mcellbox=\box56
\extrarowheight=\dimen177
\NC@list=\toks24
\extratabsurround=\skip57
\backup@length=\skip58
\ar@cellbox=\box57
) (C:\Users\dovan\AppData\Local\Programs\MiKTeX\tex/latex/base\textcomp.sty
Package: textcomp 2024/04/24 v2.1b Standard LaTeX package
) (C:\Users\dovan\AppData\Local\Programs\MiKTeX\tex/latex/xcolor\xcolor.sty
Package: xcolor 2023/11/15 v3.01 LaTeX color extensions (UK)
 (C:\Users\dovan\AppData\Local\Programs\MiKTeX\tex/latex/graphics-cfg\color.cfg
File: color.cfg 2016/01/02 v1.6 sample color configuration
)
Package xcolor Info: Driver file: pdftex.def on input line 274.
 (C:\Users\dovan\AppData\Local\Programs\MiKTeX\tex/latex/graphics\mathcolor.ltx)
Package xcolor Info: Model `cmy' substituted by `cmy0' on input line 1350.
Package xcolor Info: Model `hsb' substituted by `rgb' on input line 1354.
Package xcolor Info: Model `RGB' extended on input line 1366.
Package xcolor Info: Model `HTML' substituted by `rgb' on input line 1368.
Package xcolor Info: Model `Hsb' substituted by `hsb' on input line 1369.
Package xcolor Info: Model `tHsb' substituted by `hsb' on input line 1370.
Package xcolor Info: Model `HSB' substituted by `hsb' on input line 1371.
Package xcolor Info: Model `Gray' substituted by `gray' on input line 1372.
Package xcolor Info: Model `wave' substituted by `hsb' on input line 1373.
) (C:\Users\dovan\AppData\Local\Programs\MiKTeX\tex/latex/colortbl\colortbl.sty
Package: colortbl 2024/05/26 v1.0h Color table columns (DPC)
\everycr=\toks25
\minrowclearance=\skip59
\rownum=\count291
) (C:\Users\dovan\AppData\Local\Programs\MiKTeX\tex/latex/multirow\multirow.sty
Package: multirow 2021/03/15 v2.8 Span multiple rows of a table
\multirow@colwidth=\skip60
\multirow@cntb=\count292
\multirow@dima=\skip61
\bigstrutjot=\dimen178
) (C:\Users\dovan\AppData\Local\Programs\MiKTeX\tex/latex/tools\multicol.sty
Package: multicol 2024/05/23 v1.9h multicolumn formatting (FMi)
\c@tracingmulticols=\count293
\mult@box=\box58
\multicol@leftmargin=\dimen179
\c@unbalance=\count294
\c@collectmore=\count295
\doublecol@number=\count296
\multicoltolerance=\count297
\multicolpretolerance=\count298
\full@width=\dimen180
\page@free=\dimen181
\premulticols=\dimen182
\postmulticols=\dimen183
\multicolsep=\skip62
\multicolbaselineskip=\skip63
\partial@page=\box59
\last@line=\box60
\mc@boxedresult=\box61
\maxbalancingoverflow=\dimen184
\mult@rightbox=\box62
\mult@grightbox=\box63
\mult@firstbox=\box64
\mult@gfirstbox=\box65
\@tempa=\box66
\@tempa=\box67
\@tempa=\box68
\@tempa=\box69
\@tempa=\box70
\@tempa=\box71
\@tempa=\box72
\@tempa=\box73
\@tempa=\box74
\@tempa=\box75
\@tempa=\box76
\@tempa=\box77
\@tempa=\box78
\@tempa=\box79
\@tempa=\box80
\@tempa=\box81
\@tempa=\box82
\@tempa=\box83
\@tempa=\box84
\@tempa=\box85
\@tempa=\box86
\@tempa=\box87
\@tempa=\box88
\@tempa=\box89
\@tempa=\box90
\@tempa=\box91
\@tempa=\box92
\@tempa=\box93
\@tempa=\box94
\@tempa=\box95
\@tempa=\box96
\@tempa=\box97
\@tempa=\box98
\@tempa=\box99
\@tempa=\box100
\@tempa=\box101
\c@minrows=\count299
\c@columnbadness=\count300
\c@finalcolumnbadness=\count301
\last@try=\dimen185
\multicolovershoot=\dimen186
\multicolundershoot=\dimen187
\mult@nat@firstbox=\box102
\colbreak@box=\box103
\mc@col@check@num=\count302
) (C:\Users\dovan\AppData\Local\Programs\MiKTeX\tex/latex/float\float.sty
Package: float 2001/11/08 v1.3d Float enhancements (AL)
\c@float@type=\count303
\float@exts=\toks26
\float@box=\box104
\@float@everytoks=\toks27
\@floatcapt=\box105
) (C:\Users\dovan\AppData\Local\Programs\MiKTeX\tex/latex/base\inputenc.sty
Package: inputenc 2024/02/08 v1.3d Input encoding file
\inpenc@prehook=\toks28
\inpenc@posthook=\toks29
) (C:\Users\dovan\AppData\Local\Programs\MiKTeX\tex/generic/babel\babel.sty
Package: babel 2024/06/02 v24.6 The Babel package
\babel@savecnt=\count304
\U@D=\dimen188
\l@unhyphenated=\language79
 (C:\Users\dovan\AppData\Local\Programs\MiKTeX\tex/generic/babel\txtbabel.def)
\bbl@readstream=\read2
\bbl@dirlevel=\count305

*************************************
* Local config file bblopts.cfg used
*
(C:\Users\dovan\AppData\Local\Programs\MiKTeX\tex/latex/arabi\bblopts.cfg
File: bblopts.cfg 2005/09/08 v0.1 add Arabic and Farsi to "declared" options of babel
) (C:\Users\dovan\AppData\Local\Programs\MiKTeX\tex/latex/babel-vietnamese\vietnamese.ldf
Language: vietnamese 


Package babel Warning: No hyphenation patterns were preloaded for
(babel)                the language 'Vietnamese' into the format.
(babel)                Please, configure your TeX system to add them and
(babel)                rebuild the format. Now I will use the patterns
(babel)                preloaded for \language=0 instead on input line 36.

Package babel Info: Hyphen rules for 'vietnamese' set to \l@english
(babel)             (\language0). Reported on input line 37.
Package babel Info: Hyphen rules for 'vietnam' set to \l@english
(babel)             (\language0). Reported on input line 38.
Loading definitions for the Vietnamese font encoding (C:\Users\dovan\AppData\Local\Programs\MiKTeX\tex/latex/vntex\t5enc.def
File: t5enc.def 2006/11/21 v1.4 Vietnamese T5 encoding
Now handling font encoding T5 ...
... processing UTF-8 mapping file for font encoding T5
 (C:\Users\dovan\AppData\Local\Programs\MiKTeX\tex/latex/vntex\t5enc.dfu
File: t5enc.dfu 2006/08/19 v1.1 UTF8 support for Vietnamese
   defining Unicode char U+00AB (decimal 171)
   defining Unicode char U+00BB (decimal 187)
   defining Unicode char U+00C0 (decimal 192)
   defining Unicode char U+00C1 (decimal 193)
   defining Unicode char U+00C2 (decimal 194)
   defining Unicode char U+00C3 (decimal 195)
   defining Unicode char U+00C8 (decimal 200)
   defining Unicode char U+00C9 (decimal 201)
   defining Unicode char U+00CA (decimal 202)
   defining Unicode char U+00CC (decimal 204)
   defining Unicode char U+00CD (decimal 205)
   defining Unicode char U+00D2 (decimal 210)
   defining Unicode char U+00D3 (decimal 211)
   defining Unicode char U+00D4 (decimal 212)
   defining Unicode char U+00D5 (decimal 213)
   defining Unicode char U+00D9 (decimal 217)
   defining Unicode char U+00DA (decimal 218)
   defining Unicode char U+00DD (decimal 221)
   defining Unicode char U+00E0 (decimal 224)
   defining Unicode char U+00E1 (decimal 225)
   defining Unicode char U+00E2 (decimal 226)
   defining Unicode char U+00E3 (decimal 227)
   defining Unicode char U+00E8 (decimal 232)
   defining Unicode char U+00E9 (decimal 233)
   defining Unicode char U+00EA (decimal 234)
   defining Unicode char U+00EC (decimal 236)
   defining Unicode char U+00ED (decimal 237)
   defining Unicode char U+00F2 (decimal 242)
   defining Unicode char U+00F3 (decimal 243)
   defining Unicode char U+00F4 (decimal 244)
   defining Unicode char U+00F5 (decimal 245)
   defining Unicode char U+00F9 (decimal 249)
   defining Unicode char U+00FA (decimal 250)
   defining Unicode char U+00FD (decimal 253)
   defining Unicode char U+0102 (decimal 258)
   defining Unicode char U+0103 (decimal 259)
   defining Unicode char U+0110 (decimal 272)
   defining Unicode char U+0111 (decimal 273)
   defining Unicode char U+0128 (decimal 296)
   defining Unicode char U+0129 (decimal 297)
   defining Unicode char U+0131 (decimal 305)
   defining Unicode char U+0168 (decimal 360)
   defining Unicode char U+0169 (decimal 361)
   defining Unicode char U+01A0 (decimal 416)
   defining Unicode char U+01A1 (decimal 417)
   defining Unicode char U+01AF (decimal 431)
   defining Unicode char U+01B0 (decimal 432)
   defining Unicode char U+1EA0 (decimal 7840)
   defining Unicode char U+1EA1 (decimal 7841)
   defining Unicode char U+1EA2 (decimal 7842)
   defining Unicode char U+1EA3 (decimal 7843)
   defining Unicode char U+1EA4 (decimal 7844)
   defining Unicode char U+1EA5 (decimal 7845)
   defining Unicode char U+1EA6 (decimal 7846)
   defining Unicode char U+1EA7 (decimal 7847)
   defining Unicode char U+1EA8 (decimal 7848)
   defining Unicode char U+1EA9 (decimal 7849)
   defining Unicode char U+1EAA (decimal 7850)
   defining Unicode char U+1EAB (decimal 7851)
   defining Unicode char U+1EAC (decimal 7852)
   defining Unicode char U+1EAD (decimal 7853)
   defining Unicode char U+1EAE (decimal 7854)
   defining Unicode char U+1EAF (decimal 7855)
   defining Unicode char U+1EB0 (decimal 7856)
   defining Unicode char U+1EB1 (decimal 7857)
   defining Unicode char U+1EB2 (decimal 7858)
   defining Unicode char U+1EB3 (decimal 7859)
   defining Unicode char U+1EB4 (decimal 7860)
   defining Unicode char U+1EB5 (decimal 7861)
   defining Unicode char U+1EB6 (decimal 7862)
   defining Unicode char U+1EB7 (decimal 7863)
   defining Unicode char U+1EB8 (decimal 7864)
   defining Unicode char U+1EB9 (decimal 7865)
   defining Unicode char U+1EBA (decimal 7866)
   defining Unicode char U+1EBB (decimal 7867)
   defining Unicode char U+1EBC (decimal 7868)
   defining Unicode char U+1EBD (decimal 7869)
   defining Unicode char U+1EBE (decimal 7870)
   defining Unicode char U+1EBF (decimal 7871)
   defining Unicode char U+1EC0 (decimal 7872)
   defining Unicode char U+1EC1 (decimal 7873)
   defining Unicode char U+1EC2 (decimal 7874)
   defining Unicode char U+1EC3 (decimal 7875)
   defining Unicode char U+1EC4 (decimal 7876)
   defining Unicode char U+1EC5 (decimal 7877)
   defining Unicode char U+1EC6 (decimal 7878)
   defining Unicode char U+1EC7 (decimal 7879)
   defining Unicode char U+1EC8 (decimal 7880)
   defining Unicode char U+1EC9 (decimal 7881)
   defining Unicode char U+1ECA (decimal 7882)
   defining Unicode char U+1ECB (decimal 7883)
   defining Unicode char U+1ECC (decimal 7884)
   defining Unicode char U+1ECD (decimal 7885)
   defining Unicode char U+1ECE (decimal 7886)
   defining Unicode char U+1ECF (decimal 7887)
   defining Unicode char U+1ED0 (decimal 7888)
   defining Unicode char U+1ED1 (decimal 7889)
   defining Unicode char U+1ED2 (decimal 7890)
   defining Unicode char U+1ED3 (decimal 7891)
   defining Unicode char U+1ED4 (decimal 7892)
   defining Unicode char U+1ED5 (decimal 7893)
   defining Unicode char U+1ED6 (decimal 7894)
   defining Unicode char U+1ED7 (decimal 7895)
   defining Unicode char U+1ED8 (decimal 7896)
   defining Unicode char U+1ED9 (decimal 7897)
   defining Unicode char U+1EDA (decimal 7898)
   defining Unicode char U+1EDB (decimal 7899)
   defining Unicode char U+1EDC (decimal 7900)
   defining Unicode char U+1EDD (decimal 7901)
   defining Unicode char U+1EDE (decimal 7902)
   defining Unicode char U+1EDF (decimal 7903)
   defining Unicode char U+1EE0 (decimal 7904)
   defining Unicode char U+1EE1 (decimal 7905)
   defining Unicode char U+1EE2 (decimal 7906)
   defining Unicode char U+1EE3 (decimal 7907)
   defining Unicode char U+1EE4 (decimal 7908)
   defining Unicode char U+1EE5 (decimal 7909)
   defining Unicode char U+1EE6 (decimal 7910)
   defining Unicode char U+1EE7 (decimal 7911)
   defining Unicode char U+1EE8 (decimal 7912)
   defining Unicode char U+1EE9 (decimal 7913)
   defining Unicode char U+1EEA (decimal 7914)
   defining Unicode char U+1EEB (decimal 7915)
   defining Unicode char U+1EEC (decimal 7916)
   defining Unicode char U+1EED (decimal 7917)
   defining Unicode char U+1EEE (decimal 7918)
   defining Unicode char U+1EEF (decimal 7919)
   defining Unicode char U+1EF0 (decimal 7920)
   defining Unicode char U+1EF1 (decimal 7921)
   defining Unicode char U+1EF2 (decimal 7922)
   defining Unicode char U+1EF3 (decimal 7923)
   defining Unicode char U+1EF4 (decimal 7924)
   defining Unicode char U+1EF5 (decimal 7925)
   defining Unicode char U+1EF6 (decimal 7926)
   defining Unicode char U+1EF7 (decimal 7927)
   defining Unicode char U+1EF8 (decimal 7928)
   defining Unicode char U+1EF9 (decimal 7929)
   defining Unicode char U+200C (decimal 8204)
   defining Unicode char U+2013 (decimal 8211)
   defining Unicode char U+2014 (decimal 8212)
   defining Unicode char U+2018 (decimal 8216)
   defining Unicode char U+2019 (decimal 8217)
   defining Unicode char U+201A (decimal 8218)
   defining Unicode char U+201C (decimal 8220)
   defining Unicode char U+201D (decimal 8221)
   defining Unicode char U+201E (decimal 8222)
   defining Unicode char U+2030 (decimal 8240)
   defining Unicode char U+2031 (decimal 8241)
   defining Unicode char U+2039 (decimal 8249)
   defining Unicode char U+203A (decimal 8250)
   defining Unicode char U+2423 (decimal 9251)
))
Package babel Info: Making " an active character on input line 147.
)) (C:\Users\dovan\AppData\Local\Programs\MiKTeX\tex/generic/babel/locale/vi\babel-vietnamese.tex
Package babel Info: Importing font and identification data for vietnamese
(babel)             from babel-vi.ini. Reported on input line 11.
) (C:\Users\dovan\AppData\Local\Programs\MiKTeX\tex/latex/base\fontenc.sty
Package: fontenc 2021/04/29 v2.0v Standard LaTeX package
LaTeX Font Info:    Trying to load font information for T5+ptm on input line 116.
 (C:\Users\dovan\AppData\Local\Programs\MiKTeX\tex/latex/vntex\t5ptm.fd
File: t5utm.fd 2005/08/24 Fontinst v1.929 font definitions for T5/ptm.
)) (C:\Users\dovan\AppData\Local\Programs\MiKTeX\tex/latex/titlesec\titlesec.sty
Package: titlesec 2023/10/27 v2.16 Sectioning titles
\ttl@box=\box106
\beforetitleunit=\skip64
\aftertitleunit=\skip65
\ttl@plus=\dimen189
\ttl@minus=\dimen190
\ttl@toksa=\toks30
\titlewidth=\dimen191
\titlewidthlast=\dimen192
\titlewidthfirst=\dimen193


Package titlesec Warning: Non standard sectioning command \subparagraph
(titlesec)                detected. Using default spacing and no format.

) (C:\Users\dovan\AppData\Local\Programs\MiKTeX\tex/latex/tools\tabularx.sty
Package: tabularx 2023/12/11 v2.12a `tabularx' package (DPC)
\TX@col@width=\dimen194
\TX@old@table=\dimen195
\TX@old@col=\dimen196
\TX@target=\dimen197
\TX@delta=\dimen198
\TX@cols=\count306
\TX@ftn=\toks31
) (C:\Users\dovan\AppData\Local\Programs\MiKTeX\tex/latex/adjustbox\adjustbox.sty
Package: adjustbox 2022/10/17 v1.3a Adjusting TeX boxes (trim, clip, ...)
 (C:\Users\dovan\AppData\Local\Programs\MiKTeX\tex/latex/xkeyval\xkeyval.sty
Package: xkeyval 2022/06/16 v2.9 package option processing (HA)
 (C:\Users\dovan\AppData\Local\Programs\MiKTeX\tex/generic/xkeyval\xkeyval.tex (C:\Users\dovan\AppData\Local\Programs\MiKTeX\tex/generic/xkeyval\xkvutils.tex
\XKV@toks=\toks32
\XKV@tempa@toks=\toks33
)
\XKV@depth=\count307
File: xkeyval.tex 2014/12/03 v2.7a key=value parser (HA)
)) (C:\Users\dovan\AppData\Local\Programs\MiKTeX\tex/latex/adjustbox\adjcalc.sty
Package: adjcalc 2012/05/16 v1.1 Provides advanced setlength with multiple back-ends (calc, etex, pgfmath)
) (C:\Users\dovan\AppData\Local\Programs\MiKTeX\tex/latex/adjustbox\trimclip.sty
Package: trimclip 2020/08/19 v1.2 Trim and clip general TeX material
 (C:\Users\dovan\AppData\Local\Programs\MiKTeX\tex/latex/collectbox\collectbox.sty
Package: collectbox 2022/10/17 v0.4c Collect macro arguments as boxes
\collectedbox=\box107
)
\tc@llx=\dimen199
\tc@lly=\dimen256
\tc@urx=\dimen257
\tc@ury=\dimen258
Package trimclip Info: Using driver 'tc-pdftex.def'.
 (C:\Users\dovan\AppData\Local\Programs\MiKTeX\tex/latex/adjustbox\tc-pdftex.def
File: tc-pdftex.def 2019/01/04 v2.2 Clipping driver for pdftex
))
\adjbox@Width=\dimen259
\adjbox@Height=\dimen260
\adjbox@Depth=\dimen261
\adjbox@Totalheight=\dimen262
\adjbox@pwidth=\dimen263
\adjbox@pheight=\dimen264
\adjbox@pdepth=\dimen265
\adjbox@ptotalheight=\dimen266
 (C:\Users\dovan\AppData\Local\Programs\MiKTeX\tex/latex/ifoddpage\ifoddpage.sty
Package: ifoddpage 2022/10/18 v1.2 Conditionals for odd/even page detection
\c@checkoddpage=\count308
) (C:\Users\dovan\AppData\Local\Programs\MiKTeX\tex/latex/varwidth\varwidth.sty
Package: varwidth 2009/03/30 ver 0.92;  Variable-width minipages
\@vwid@box=\box108
\sift@deathcycles=\count309
\@vwid@loff=\dimen267
\@vwid@roff=\dimen268
)) (C:\Users\dovan\AppData\Local\Programs\MiKTeX\tex/latex/l3backend\l3backend-pdftex.def
File: l3backend-pdftex.def 2024-05-08 L3 backend support: PDF output (pdfTeX)
\l__color_backend_stack_int=\count310
\l__pdf_internal_box=\box109
) (Report.aux

LaTeX Warning: Label `fig:1' multiply defined.


LaTeX Warning: Label `fig:1' multiply defined.


LaTeX Warning: Label `fig:1' multiply defined.


LaTeX Warning: Label `fig:1' multiply defined.


LaTeX Warning: Label `fig:1' multiply defined.


LaTeX Warning: Label `fig:1' multiply defined.


LaTeX Warning: Label `fig:1' multiply defined.


LaTeX Warning: Label `fig:1' multiply defined.


LaTeX Warning: Label `fig:1' multiply defined.


LaTeX Warning: Label `fig:1' multiply defined.


LaTeX Warning: Label `fig:1' multiply defined.


LaTeX Warning: Label `fig:1' multiply defined.


LaTeX Warning: Label `fig:1' multiply defined.


LaTeX Warning: Label `fig:1' multiply defined.


LaTeX Warning: Label `fig:1' multiply defined.


LaTeX Warning: Label `fig:1' multiply defined.


LaTeX Warning: Label `fig:1' multiply defined.


LaTeX Warning: Label `fig:1' multiply defined.


LaTeX Warning: Label `fig:1' multiply defined.


LaTeX Warning: Label `fig:1' multiply defined.


LaTeX Warning: Label `fig:1' multiply defined.


LaTeX Warning: Label `fig:1' multiply defined.


LaTeX Warning: Label `fig:1' multiply defined.


LaTeX Warning: Label `fig:1' multiply defined.


LaTeX Warning: Label `fig:1' multiply defined.


LaTeX Warning: Label `fig:1' multiply defined.


LaTeX Warning: Label `fig:1' multiply defined.


LaTeX Warning: Label `fig:1' multiply defined.


LaTeX Warning: Label `fig:1' multiply defined.


LaTeX Warning: Label `fig:1' multiply defined.


LaTeX Warning: Label `fig:1' multiply defined.

)
\openout1 = `Report.aux'.

LaTeX Font Info:    Checking defaults for OML/cmm/m/it on input line 52.
LaTeX Font Info:    ... okay on input line 52.
LaTeX Font Info:    Checking defaults for OMS/cmsy/m/n on input line 52.
LaTeX Font Info:    ... okay on input line 52.
LaTeX Font Info:    Checking defaults for OT1/cmr/m/n on input line 52.
LaTeX Font Info:    ... okay on input line 52.
LaTeX Font Info:    Checking defaults for T1/cmr/m/n on input line 52.
LaTeX Font Info:    ... okay on input line 52.
LaTeX Font Info:    Checking defaults for TS1/cmr/m/n on input line 52.
LaTeX Font Info:    ... okay on input line 52.
LaTeX Font Info:    Checking defaults for OMX/cmex/m/n on input line 52.
LaTeX Font Info:    ... okay on input line 52.
LaTeX Font Info:    Checking defaults for U/cmr/m/n on input line 52.
LaTeX Font Info:    ... okay on input line 52.
LaTeX Font Info:    Checking defaults for T5/cmr/m/n on input line 52.
LaTeX Font Info:    Trying to load font information for T5+cmr on input line 52.
 (C:\Users\dovan\AppData\Local\Programs\MiKTeX\tex/latex/vntex\t5cmr.fd
File: t5cmr.fd 1999/05/25 v2.5h Standard LaTeX font definitions
)
LaTeX Font Info:    ... okay on input line 52.

-- Lines per column: 56 (exact).
(C:\Users\dovan\AppData\Local\Programs\MiKTeX\tex/context/base/mkii\supp-pdf.mkii
[Loading MPS to PDF converter (version 2006.09.02).]
\scratchcounter=\count311
\scratchdimen=\dimen269
\scratchbox=\box110
\nofMPsegments=\count312
\nofMParguments=\count313
\everyMPshowfont=\toks34
\MPscratchCnt=\count314
\MPscratchDim=\dimen270
\MPnumerator=\count315
\makeMPintoPDFobject=\count316
\everyMPtoPDFconversion=\toks35
) (C:\Users\dovan\AppData\Local\Programs\MiKTeX\tex/latex/epstopdf-pkg\epstopdf-base.sty
Package: epstopdf-base 2020-01-24 v2.11 Base part for package epstopdf
Package epstopdf-base Info: Redefining graphics rule for `.eps' on input line 485.
 (C:\Users\dovan\AppData\Local\Programs\MiKTeX\tex/latex/00miktex\epstopdf-sys.cfg
File: epstopdf-sys.cfg 2021/03/18 v2.0 Configuration of epstopdf for MiKTeX
))
LaTeX Font Info:    Calculating math sizes for size <11> on input line 53.
LaTeX Font Info:    Trying to load font information for U+msa on input line 53.
 (C:\Users\dovan\AppData\Local\Programs\MiKTeX\tex/latex/amsfonts\umsa.fd
File: umsa.fd 2013/01/14 v3.01 AMS symbols A
)
LaTeX Font Info:    Trying to load font information for U+msb on input line 53.
 (C:\Users\dovan\AppData\Local\Programs\MiKTeX\tex/latex/amsfonts\umsb.fd
File: umsb.fd 2013/01/14 v3.01 AMS symbols B
)



[1{C:/Users/dovan/AppData/Local/MiKTeX/fonts/map/pdftex/pdftex.map}{C:/Users/dovan/AppData/Local/Programs/MiKTeX/fonts/enc/dvips/vntex/t5.enc}


]

LaTeX Font Info:    Trying to load font information for TS1+ptm on input line 139.
(C:\Users\dovan\AppData\Local\Programs\MiKTeX\tex/latex/psnfss\ts1ptm.fd
File: ts1ptm.fd 2001/06/04 font definitions for TS1/ptm.
)

[2{C:/Users/dovan/AppData/Local/Programs/MiKTeX/fonts/enc/dvips/base/8r.enc}]
<Image/GRU.png, id=19, 148.482pt x 87.381pt>
File: Image/GRU.png Graphic file (type png)
<use Image/GRU.png>
Package pdftex.def Info: Image/GRU.png  used on input line 174.
(pdftex.def)             Requested size: 258.0pt x 151.84435pt.

Overfull \hbox (6.0pt too wide) in paragraph at lines 172--177
 []$[]$ 
 []




Underfull \hbox (badness 10000) in paragraph at lines 179--180

 []


Underfull \hbox (badness 10000) in paragraph at lines 181--182

 []


Underfull \hbox (badness 10000) in paragraph at lines 183--187

 []

<Image/RNN1.png, id=21, 778.107pt x 240.9pt>
File: Image/RNN1.png Graphic file (type png)
<use Image/RNN1.png>
Package pdftex.def Info: Image/RNN1.png  used on input line 195.
(pdftex.def)             Requested size: 258.0pt x 79.87584pt.

Overfull \hbox (6.0pt too wide) in paragraph at lines 193--198
 []$[]$ 
 []


Underfull \hbox (badness 10000) in paragraph at lines 190--198

 []



[3 <./Image/GRU.png> <./Image/RNN1.png>]
<Image/RNN2.png, id=29, 722.7pt x 361.35pt>
File: Image/RNN2.png Graphic file (type png)
<use Image/RNN2.png>
Package pdftex.def Info: Image/RNN2.png  used on input line 208.
(pdftex.def)             Requested size: 258.0pt x 128.9997pt.

Overfull \hbox (6.0pt too wide) in paragraph at lines 206--211
 []$[]$ 
 []


Underfull \hbox (badness 10000) in paragraph at lines 212--220

 []

<Image/LSTM.png, id=30, 185.274pt x 95.5935pt>
File: Image/LSTM.png Graphic file (type png)
<use Image/LSTM.png>
Package pdftex.def Info: Image/LSTM.png  used on input line 232.
(pdftex.def)             Requested size: 258.0pt x 133.13275pt.

Overfull \hbox (6.0pt too wide) in paragraph at lines 230--236
 []$[]$ 
 []



<Image/RF2.png, id=31, 176.733pt x 162.6075pt>
File: Image/RF2.png Graphic file (type png)
<use Image/RF2.png>
Package pdftex.def Info: Image/RF2.png  used on input line 279.
(pdftex.def)             Requested size: 258.0pt x 237.39752pt.

Overfull \hbox (6.0pt too wide) in paragraph at lines 277--282
 []$[]$ 
 []



[4 <./Image/RNN2.png> <./Image/LSTM.png>]
<Image/Level-wise Tree Growth.png, id=37, 507.69675pt x 150.5625pt>
File: Image/Level-wise Tree Growth.png Graphic file (type png)
<use Image/Level-wise Tree Growth.png>
Package pdftex.def Info: Image/Level-wise Tree Growth.png  used on input line 290.
(pdftex.def)             Requested size: 258.0pt x 76.51245pt.

Overfull \hbox (6.0pt too wide) in paragraph at lines 288--294
 []$[]$ 
 []

<Image/Trees Leaf-wise Growth Strategy.png, id=38, 561.89925pt x 163.812pt>
File: Image/Trees Leaf-wise Growth Strategy.png Graphic file (type png)
<use Image/Trees Leaf-wise Growth Strategy.png>
Package pdftex.def Info: Image/Trees Leaf-wise Growth Strategy.png  used on input line 299.
(pdftex.def)             Requested size: 258.0pt x 75.21695pt.

Overfull \hbox (6.0pt too wide) in paragraph at lines 297--303
 []$[]$ 
 []




Underfull \hbox (badness 10000) in paragraph at lines 329--335

 []



[5 <./Image/RF2.png> <./Image/Level-wise Tree Growth.png> <./Image/Trees Leaf-wise Growth Strategy.png>]
<Image/ARIMA30.png, id=45, 1407.75937pt x 548.0475pt>
File: Image/ARIMA30.png Graphic file (type png)
<use Image/ARIMA30.png>
Package pdftex.def Info: Image/ARIMA30.png  used on input line 361.
(pdftex.def)             Requested size: 258.0pt x 100.43387pt.

Overfull \hbox (6.0pt too wide) in paragraph at lines 359--365
 []$[]$ 
 []

<Image/ARIMA60.png, id=46, 1402.48969pt x 574.39594pt>
File: Image/ARIMA60.png Graphic file (type png)
<use Image/ARIMA60.png>
Package pdftex.def Info: Image/ARIMA60.png  used on input line 371.
(pdftex.def)             Requested size: 258.0pt x 105.66559pt.

Overfull \hbox (6.0pt too wide) in paragraph at lines 369--375
 []$[]$ 
 []

<Image/ARIMA90.png, id=47, 1351.29843pt x 542.77782pt>
File: Image/ARIMA90.png Graphic file (type png)
<use Image/ARIMA90.png>
Package pdftex.def Info: Image/ARIMA90.png  used on input line 381.
(pdftex.def)             Requested size: 258.0pt x 103.62578pt.

Overfull \hbox (6.0pt too wide) in paragraph at lines 379--385
 []$[]$ 
 []


Underfull \vbox (badness 1389) has occurred while \output is active []



<Image/GRU30.png, id=48, 1044.90375pt x 736.25063pt>
File: Image/GRU30.png Graphic file (type png)
<use Image/GRU30.png>
Package pdftex.def Info: Image/GRU30.png  used on input line 393.
(pdftex.def)             Requested size: 258.0pt x 181.79288pt.

Overfull \hbox (6.0pt too wide) in paragraph at lines 391--397
 []$[]$ 
 []

<Image/GRU60.png, id=49, 1039.63406pt x 758.08218pt>
File: Image/GRU60.png Graphic file (type png)
<use Image/GRU60.png>
Package pdftex.def Info: Image/GRU60.png  used on input line 403.
(pdftex.def)             Requested size: 258.0pt x 188.12042pt.

Overfull \hbox (6.0pt too wide) in paragraph at lines 401--407
 []$[]$ 
 []

<Image/GRU90.png, id=50, 1060.71281pt x 743.02594pt>
File: Image/GRU90.png Graphic file (type png)
<use Image/GRU90.png>
Package pdftex.def Info: Image/GRU90.png  used on input line 413.
(pdftex.def)             Requested size: 258.0pt x 180.7221pt.

Overfull \hbox (6.0pt too wide) in paragraph at lines 411--417
 []$[]$ 
 []


Underfull \vbox (badness 10000) has occurred while \output is active []



[6 <./Image/ARIMA30.png> <./Image/ARIMA60.png> <./Image/ARIMA90.png> <./Image/GRU30.png> <./Image/GRU60.png>]
<Image/LR30.png, id=59, 1405.50093pt x 607.51968pt>
File: Image/LR30.png Graphic file (type png)
<use Image/LR30.png>
Package pdftex.def Info: Image/LR30.png  used on input line 424.
(pdftex.def)             Requested size: 258.0pt x 111.51799pt.

Overfull \hbox (6.0pt too wide) in paragraph at lines 422--428
 []$[]$ 
 []

<Image/LR60.png, id=60, 1411.52344pt x 601.4972pt>
File: Image/LR60.png Graphic file (type png)
<use Image/LR60.png>
Package pdftex.def Info: Image/LR60.png  used on input line 433.
(pdftex.def)             Requested size: 258.0pt x 109.93523pt.

Overfull \hbox (6.0pt too wide) in paragraph at lines 431--437
 []$[]$ 
 []

<Image/LR90.png, id=61, 1390.44469pt x 622.57594pt>
File: Image/LR90.png Graphic file (type png)
<use Image/LR90.png>
Package pdftex.def Info: Image/LR90.png  used on input line 442.
(pdftex.def)             Requested size: 258.0pt x 115.51672pt.

Overfull \hbox (6.0pt too wide) in paragraph at lines 440--446
 []$[]$ 
 []

<Image/LSTM30.png, id=62, 1431.09656pt x 572.89032pt>
File: Image/LSTM30.png Graphic file (type png)
<use Image/LSTM30.png>
Package pdftex.def Info: Image/LSTM30.png  used on input line 452.
(pdftex.def)             Requested size: 258.0pt x 103.28189pt.

Overfull \hbox (6.0pt too wide) in paragraph at lines 450--456
 []$[]$ 
 []

<Image/LSTM60.png, id=63, 1431.09656pt x 560.8453pt>
File: Image/LSTM60.png Graphic file (type png)
<use Image/LSTM60.png>
Package pdftex.def Info: Image/LSTM60.png  used on input line 461.
(pdftex.def)             Requested size: 258.0pt x 101.1104pt.

Overfull \hbox (6.0pt too wide) in paragraph at lines 459--465
 []$[]$ 
 []



<Image/LSTM90.png, id=64, 1425.07407pt x 566.86781pt>
File: Image/LSTM90.png Graphic file (type png)
<use Image/LSTM90.png>
Package pdftex.def Info: Image/LSTM90.png  used on input line 470.
(pdftex.def)             Requested size: 258.0pt x 102.61998pt.

Overfull \hbox (6.0pt too wide) in paragraph at lines 468--474
 []$[]$ 
 []

<Image/RNN30.png, id=65, 1403.99532pt x 664.73344pt>
File: Image/RNN30.png Graphic file (type png)
<use Image/RNN30.png>
Package pdftex.def Info: Image/RNN30.png  used on input line 480.
(pdftex.def)             Requested size: 258.0pt x 122.15218pt.

Overfull \hbox (6.0pt too wide) in paragraph at lines 478--484
 []$[]$ 
 []

<Image/RNN60.png, id=66, 1403.99532pt x 666.23906pt>
File: Image/RNN60.png Graphic file (type png)
<use Image/RNN60.png>
Package pdftex.def Info: Image/RNN60.png  used on input line 489.
(pdftex.def)             Requested size: 258.0pt x 122.42885pt.

Overfull \hbox (6.0pt too wide) in paragraph at lines 487--493
 []$[]$ 
 []

<Image/RNN90.png, id=67, 1400.98407pt x 660.21657pt>
File: Image/RNN90.png Graphic file (type png)
<use Image/RNN90.png>
Package pdftex.def Info: Image/RNN90.png  used on input line 498.
(pdftex.def)             Requested size: 258.0pt x 121.574pt.

Overfull \hbox (6.0pt too wide) in paragraph at lines 496--502
 []$[]$ 
 []



[7 <./Image/GRU90.png> <./Image/LR30.png> <./Image/LR60.png> <./Image/LR90.png> <./Image/LSTM30.png> <./Image/LSTM60.png> <./Image/LSTM90.png> <./Image/RNN30.png>]
<Image/RF30.jpg, id=80, 1535.7375pt x 1083.04625pt>
File: Image/RF30.jpg Graphic file (type jpg)
<use Image/RF30.jpg>
Package pdftex.def Info: Image/RF30.jpg  used on input line 508.
(pdftex.def)             Requested size: 258.0pt x 181.95053pt.

Overfull \hbox (6.0pt too wide) in paragraph at lines 506--512
 []$[]$ 
 []

<Image/RF60.jpg, id=81, 1491.5725pt x 1071.00125pt>
File: Image/RF60.jpg Graphic file (type jpg)
<use Image/RF60.jpg>
Package pdftex.def Info: Image/RF60.jpg  used on input line 517.
(pdftex.def)             Requested size: 258.0pt x 185.23817pt.

Overfull \hbox (6.0pt too wide) in paragraph at lines 515--521
 []$[]$ 
 []

<Image/RF90.jpg, id=82, 1514.65875pt x 1091.07625pt>
File: Image/RF90.jpg Graphic file (type jpg)
<use Image/RF90.jpg>
Package pdftex.def Info: Image/RF90.jpg  used on input line 526.
(pdftex.def)             Requested size: 258.0pt x 185.84677pt.

Overfull \hbox (6.0pt too wide) in paragraph at lines 524--530
 []$[]$ 
 []


Underfull \vbox (badness 10000) has occurred while \output is active []



<Image/FTS30.png, id=83, 1445.4pt x 813.0375pt>
File: Image/FTS30.png Graphic file (type png)
<use Image/FTS30.png>
Package pdftex.def Info: Image/FTS30.png  used on input line 536.
(pdftex.def)             Requested size: 258.0pt x 145.12465pt.

Overfull \hbox (6.0pt too wide) in paragraph at lines 534--540
 []$[]$ 
 []

<Image/FTS60.png, id=84, 1445.4pt x 813.0375pt>
File: Image/FTS60.png Graphic file (type png)
<use Image/FTS60.png>
Package pdftex.def Info: Image/FTS60.png  used on input line 545.
(pdftex.def)             Requested size: 258.0pt x 145.12465pt.

Overfull \hbox (6.0pt too wide) in paragraph at lines 543--549
 []$[]$ 
 []

<Image/FTS90.png, id=85, 1445.4pt x 813.0375pt>
File: Image/FTS90.png Graphic file (type png)
<use Image/FTS90.png>
Package pdftex.def Info: Image/FTS90.png  used on input line 554.
(pdftex.def)             Requested size: 258.0pt x 145.12465pt.

Overfull \hbox (6.0pt too wide) in paragraph at lines 552--558
 []$[]$ 
 []



[8 <./Image/RNN60.png> <./Image/RNN90.png> <./Image/RF30.jpg> <./Image/RF60.jpg> <./Image/RF90.jpg> <./Image/FTS30.png (PNG copy)>]
<Image/LIGHT30.png, id=91, 1434.10782pt x 497.60907pt>
File: Image/LIGHT30.png Graphic file (type png)
<use Image/LIGHT30.png>
Package pdftex.def Info: Image/LIGHT30.png  used on input line 564.
(pdftex.def)             Requested size: 258.0pt x 89.5202pt.

Overfull \hbox (6.0pt too wide) in paragraph at lines 562--568
 []$[]$ 
 []

<Image/LIGHT60.png, id=92, 1426.57968pt x 506.6428pt>
File: Image/LIGHT60.png Graphic file (type png)
<use Image/LIGHT60.png>
Package pdftex.def Info: Image/LIGHT60.png  used on input line 573.
(pdftex.def)             Requested size: 258.0pt x 91.62468pt.

Overfull \hbox (6.0pt too wide) in paragraph at lines 571--577
 []$[]$ 
 []

<Image/LIGHT90.png, id=93, 1435.61343pt x 530.73282pt>
File: Image/LIGHT90.png Graphic file (type png)
<use Image/LIGHT90.png>
Package pdftex.def Info: Image/LIGHT90.png  used on input line 582.
(pdftex.def)             Requested size: 258.0pt x 95.37392pt.

Overfull \hbox (6.0pt too wide) in paragraph at lines 580--586
 []$[]$ 
 []



<Image/RESCNN30.png, id=94, 1438.6247pt x 681.29532pt>
File: Image/RESCNN30.png Graphic file (type png)
<use Image/RESCNN30.png>
Package pdftex.def Info: Image/RESCNN30.png  used on input line 592.
(pdftex.def)             Requested size: 258.0pt x 122.18085pt.

Overfull \hbox (6.0pt too wide) in paragraph at lines 590--596
 []$[]$ 
 []

<Image/RESCNN60.png, id=95, 1393.45593pt x 702.37407pt>
File: Image/RESCNN60.png Graphic file (type png)
<use Image/RESCNN60.png>
Package pdftex.def Info: Image/RESCNN60.png  used on input line 601.
(pdftex.def)             Requested size: 258.0pt x 130.04434pt.

Overfull \hbox (6.0pt too wide) in paragraph at lines 599--605
 []$[]$ 
 []

<Image/RESCNN90.png, id=96, 1388.93906pt x 697.8572pt>
File: Image/RESCNN90.png Graphic file (type png)
<use Image/RESCNN90.png>
Package pdftex.def Info: Image/RESCNN90.png  used on input line 610.
(pdftex.def)             Requested size: 258.0pt x 129.62332pt.

Overfull \hbox (6.0pt too wide) in paragraph at lines 608--614
 []$[]$ 
 []


Overfull \hbox (6.00629pt too wide) in paragraph at lines 621--655
 [] 
 []



[9 <./Image/FTS60.png (PNG copy)> <./Image/FTS90.png (PNG copy)> <./Image/LIGHT30.png> <./Image/LIGHT60.png> <./Image/LIGHT90.png> <./Image/RESCNN30.png> <./Image/RESCNN60.png> <./Image/RESCNN90.png>]


Underfull \hbox (badness 10000) in paragraph at lines 688--689
[]\T5/ptm/m/n/8 Zou Xi-aowu, Wang Zi-dong, Li Qi, Sheng Weiguo
 []


Underfull \hbox (badness 10000) in paragraph at lines 688--689
\T5/ptm/m/n/8 ``In-te-gra-tion of resid-ual net-work and con-vo-lu-tional neu-ral
 []


Underfull \hbox (badness 10000) in paragraph at lines 688--689
\T5/ptm/m/n/8 net-work along with var-i-ous ac-ti-va-tion func-tions and global
 []


Underfull \hbox (badness 7851) in paragraph at lines 688--689
\T5/ptm/m/n/8 pool-ing for time se-ries clas-si-fi-ca-tion'' ,2019. [On-line]. Link:
 []


Overfull \hbox (7.256pt too wide) in paragraph at lines 688--689
\T5/ptm/m/n/8 https://www.sciencedirect.com/science/article/abs/pii/S0925231219311506 
 []


Underfull \hbox (badness 2418) in paragraph at lines 689--690
\T5/ptm/m/n/8 fi-cient Gra-di-ent Boost-ing De-ci-sion Tree'' ,2017. [On-line]. Link:
 []


Underfull \hbox (badness 3108) in paragraph at lines 690--691
[]\T5/ptm/m/n/8 M¡ria Lakatos, Se-bas-tian Lerch, Stephan Hemri, S¡n-dor Baran
 []


Underfull \hbox (badness 10000) in paragraph at lines 690--691
\T5/ptm/m/n/8 ``Com-par-i-son of mul-ti-vari-ate post-processing meth-ods us-ing
 []


Underfull \hbox (badness 10000) in paragraph at lines 690--691
\T5/ptm/m/n/8 global ECMWF en-sem-ble fore-casts'' ,2023. [On-line]. Link:
 []


Underfull \hbox (badness 3977) in paragraph at lines 692--693
[]\T5/ptm/m/n/8 Gang Liu, Fuyuan Xiao, ... (2020) ``A Fuzzy In-ter-val Time-
 []


Underfull \hbox (badness 2158) in paragraph at lines 692--693
\T5/ptm/m/n/8 Series En-ergy and Fi-nan-cial Fore-cast-ing Model Us-ing Network-
 []


Underfull \hbox (badness 1688) in paragraph at lines 692--693
\T5/ptm/m/n/8 Based Mul-ti-ple Time-Frequency Spaces and the Induced-Ordered
 []


Underfull \hbox (badness 10000) in paragraph at lines 692--693
\T5/ptm/m/n/8 Weighted Av-er-ag-ing Ag-gre-ga-tion Op-er-a-tion''.[Online]. Link:
 []


** Conference Paper **
Before submitting the final camera ready copy, remember to:

 1. Manually equalize the lengths of two columns on the last page
 of your paper;

 2. Ensure that any PostScript and/or PDF output post-processing
 uses only Type 1 fonts and that every step in the generation
 process uses the appropriate paper size.



[10] (Report.aux)
 ***********
LaTeX2e <2024-06-01> patch level 1
L3 programming layer <2024-05-27>
 ***********


LaTeX Warning: There were multiply-defined labels.

 ) 
Here is how much of TeX's memory you used:
 8244 strings out of 473919
 134860 string characters out of 5726953
 1999908 words of memory out of 5000000
 30962 multiletter control sequences out of 15000+600000
 689667 words of font info for 154 fonts, out of 8000000 for 9000
 1141 hyphenation exceptions out of 8191
 58i,13n,79p,1103b,362s stack positions out of 10000i,1000n,20000p,200000b,200000s
<C:/Users/dovan/AppData/Local/Programs/MiKTeX/fonts/type1/public/amsfonts/cm/cmex10.pfb><C:/Users/dovan/AppData/Local/Programs/MiKTeX/fonts/type1/public/amsfonts/cm/cmmi10.pfb><C:/Users/dovan/AppData/Local/Programs/MiKTeX/fonts/type1/public/amsfonts/cm/cmmi7.pfb><C:/Users/dovan/AppData/Local/Programs/MiKTeX/fonts/type1/public/amsfonts/cm/cmr10.pfb><C:/Users/dovan/AppData/Local/Programs/MiKTeX/fonts/type1/public/amsfonts/cm/cmr5.pfb><C:/Users/dovan/AppData/Local/Programs/MiKTeX/fonts/type1/public/amsfonts/cm/cmr7.pfb><C:/Users/dovan/AppData/Local/Programs/MiKTeX/fonts/type1/public/amsfonts/cm/cmsy10.pfb><C:/Users/dovan/AppData/Local/Programs/MiKTeX/fonts/type1/public/amsfonts/cm/cmsy7.pfb><C:/Users/dovan/AppData/Local/Programs/MiKTeX/fonts/type1/public/amsfonts/symbols/msbm10.pfb><C:/Users/dovan/AppData/Local/Programs/MiKTeX/fonts/type1/vntex/urwvn/utmb8v.pfb><C:/Users/dovan/AppData/Local/Programs/MiKTeX/fonts/type1/vntex/urwvn/utmbi8v.pfb><C:/Users/dovan/AppData/Local/Programs/MiKTeX/fonts/type1/urw/times/utmr8a.pfb><C:/Users/dovan/AppData/Local/Programs/MiKTeX/fonts/type1/vntex/urwvn/utmr8v.pfb><C:/Users/dovan/AppData/Local/Programs/MiKTeX/fonts/type1/vntex/urwvn/utmri8v.pfb>
Output written on Report.pdf (10 pages, 8666693 bytes).
PDF statistics:
 170 PDF objects out of 1000 (max. 8388607)
 0 named destinations out of 1000 (max. 500000)
 171 words of extra memory for PDF output out of 10000 (max. 10000000)

